<?xml version="1.0" encoding="UTF-8"?>
<!-- Generated by org.testng.reporters.JUnitXMLReporter -->
<testsuite hostname="TOSHIBA" name="Default test" tests="3" failures="0" timestamp="13 Mar 2018 11:14:23 GMT" time="0.032" errors="0">
  <testcase name="addition" time="0.0" classname="testV1.TestV1CalculatorTest"/>
  <testcase name="multuply" time="0.0" classname="testV1.TestV1CalculatorTest"/>
  <testcase name="subtruction" time="0.0" classname="testV1.TestV1CalculatorTest"/>
</testsuite> <!-- Default test -->
